<?xml version="1.0" encoding="UTF-8"?>
<!-- Generated by org.testng.reporters.JUnitReportReporter -->
<testsuite hostname="TDhande" failures="0" tests="2" name="com.test.AddUserTest" time="0.680" errors="0" timestamp="2025-10-10T13:52:52 IST" skipped="0">
  <testcase classname="com.test.AddUserTest" name="checkIfStatusDropdwonisOpened" time="0.398"/>
  <testcase classname="com.test.AddUserTest" name="checkIfUserDropdwonisOpened" time="0.282"/>
</testsuite> <!-- com.test.AddUserTest -->
