<?xml version="1.0" encoding="UTF-8"?>
<!-- Generated by org.testng.reporters.JUnitReportReporter -->
<testsuite hostname="TDhande" failures="0" tests="1" name="com.test.LoginTest" time="0.784" errors="0" timestamp="2025-06-19T21:04:38 IST" skipped="0">
  <testcase classname="com.test.LoginTest" name="loginWithValidUsernameAndValidPassword" time="0.784"/>
</testsuite> <!-- com.test.LoginTest -->
