<?xml version="1.0" encoding="UTF-8"?>
<!-- Generated by org.testng.reporters.JUnitReportReporter -->
<testsuite hostname="TDhande" failures="0" tests="2" name="com.test.HomePageTest" time="2.850" errors="0" timestamp="2025-10-15T13:37:53 IST" skipped="0">
  <testcase classname="com.test.HomePageTest" name="checkIfAdminPageisOpened" time="1.810"/>
  <testcase classname="com.test.HomePageTest" name="checkIfPIMPageIsOpened" time="1.040"/>
</testsuite> <!-- com.test.HomePageTest -->
