<?xml version="1.0" encoding="UTF-8"?>
<!-- Generated by org.testng.reporters.JUnitReportReporter -->
<testsuite hostname="TDhande" failures="0" tests="1" name="com.test.HomePageTest" time="1.673" errors="0" timestamp="2025-10-10T18:12:31 IST" skipped="0">
  <testcase classname="com.test.HomePageTest" name="checkIfAdminPageisOpened" time="1.673"/>
</testsuite> <!-- com.test.HomePageTest -->
