<?xml version="1.0" encoding="UTF-8"?>
<!-- Generated by org.testng.reporters.JUnitReportReporter -->
<testsuite hostname="TDhande" failures="0" tests="1" name="com.test.AddUserTest" time="15.542" errors="0" timestamp="2025-10-13T18:05:40 IST" skipped="0">
  <testcase classname="com.test.AddUserTest" name="checkIfNewUserAdded" time="15.542"/>
</testsuite> <!-- com.test.AddUserTest -->
