<?xml version="1.0" encoding="UTF-8"?>
<!-- Generated by org.testng.reporters.JUnitReportReporter -->
<testsuite hostname="TDhande" failures="0" tests="2" name="com.test.AddUserTest" time="1.029" errors="0" timestamp="2025-09-23T13:45:09 IST" skipped="0">
  <testcase classname="com.test.AddUserTest" name="checkIfUserDropdwonisOpened" time="0.229"/>
  <testcase classname="com.test.AddUserTest" name="checkIfStatusDropdwonisOpened" time="0.800"/>
</testsuite> <!-- com.test.AddUserTest -->
