<?xml version="1.0" encoding="UTF-8"?>
<!-- Generated by org.testng.reporters.JUnitReportReporter -->
<testsuite hostname="TDhande" failures="0" tests="3" name="com.test.AdminPageTest" time="3.259" errors="0" timestamp="2025-10-13T18:05:40 IST" skipped="0">
  <testcase classname="com.test.AdminPageTest" name="checkIfAdminIsSerching" time="2.026"/>
  <testcase classname="com.test.AdminPageTest" name="checkIfResetFunctionalityIsWorking" time="0.392"/>
  <testcase classname="com.test.AdminPageTest" name="checkIfAddButtonClicked" time="0.841"/>
</testsuite> <!-- com.test.AdminPageTest -->
