<?xml version="1.0" encoding="UTF-8"?>
<!-- Generated by org.testng.reporters.JUnitReportReporter -->
<testsuite hostname="TDhande" failures="0" tests="1" name="com.test.PIMPageTest" time="3.662" errors="0" timestamp="2025-10-15T13:37:53 IST" skipped="0">
  <testcase classname="com.test.PIMPageTest" name="addEmployee" time="3.662"/>
</testsuite> <!-- com.test.PIMPageTest -->
