<?xml version="1.0" encoding="UTF-8"?>
<!-- Generated by org.testng.reporters.JUnitReportReporter -->
<testsuite hostname="TDhande" failures="0" tests="1" name="com.test.LoginTest" time="2.337" errors="0" timestamp="2025-09-23T13:45:09 IST" skipped="0">
  <testcase classname="com.test.LoginTest" name="loginWithValidUsernameAndValidPassword" time="2.337"/>
</testsuite> <!-- com.test.LoginTest -->
