<?xml version="1.0" encoding="UTF-8"?>
<!-- Generated by org.testng.reporters.JUnitReportReporter -->
<testsuite hostname="TDhande" failures="0" tests="1" name="com.test.LoginTest" time="2.247" errors="0" timestamp="2025-10-10T13:52:52 IST" skipped="0">
  <testcase classname="com.test.LoginTest" name="loginWithValidUsernameAndValidPassword" time="2.247"/>
</testsuite> <!-- com.test.LoginTest -->
