<?xml version="1.0" encoding="UTF-8"?>
<!-- Generated by org.testng.reporters.JUnitReportReporter -->
<testsuite hostname="TDhande" failures="0" tests="3" name="com.test.AdminPageTest" time="3.064" errors="0" timestamp="2025-10-15T13:37:53 IST" skipped="0">
  <testcase classname="com.test.AdminPageTest" name="checkIfAdminIsSerching" time="1.939"/>
  <testcase classname="com.test.AdminPageTest" name="checkIfResetFunctionalityIsWorking" time="0.409"/>
  <testcase classname="com.test.AdminPageTest" name="checkIfAddButtonClicked" time="0.716"/>
</testsuite> <!-- com.test.AdminPageTest -->
