<?xml version="1.0" encoding="UTF-8"?>
<!-- Generated by org.testng.reporters.JUnitReportReporter -->
<testsuite hostname="TDhande" failures="0" tests="1" name="com.test.LoginTest" time="2.370" errors="0" timestamp="2025-09-23T12:19:31 IST" skipped="0">
  <testcase classname="com.test.LoginTest" name="loginWithValidUsernameAndValidPassword" time="2.370"/>
</testsuite> <!-- com.test.LoginTest -->
