<?xml version="1.0" encoding="UTF-8"?>
<!-- Generated by org.testng.reporters.JUnitReportReporter -->
<testsuite hostname="TDhande" failures="0" tests="2" name="com.test.AdminPageTest" time="1.895" errors="0" timestamp="2025-10-10T15:13:52 IST" skipped="0">
  <testcase classname="com.test.AdminPageTest" name="checkIfAdminIsSerching" time="1.492"/>
  <testcase classname="com.test.AdminPageTest" name="checkIfResetFunctionalityIsWorking" time="0.403"/>
</testsuite> <!-- com.test.AdminPageTest -->
