<?xml version="1.0" encoding="UTF-8"?>
<!-- Generated by org.testng.reporters.JUnitReportReporter -->
<testsuite hostname="TDhande" failures="0" tests="2" name="com.test.AddUserTest" time="0.733" errors="0" timestamp="2025-10-10T15:13:52 IST" skipped="0">
  <testcase classname="com.test.AddUserTest" name="checkIfUserDropdwonisOpened" time="0.341"/>
  <testcase classname="com.test.AddUserTest" name="checkIfStatusDropdwonisOpened" time="0.392"/>
</testsuite> <!-- com.test.AddUserTest -->
